<?xml version="1.0" encoding="UTF-8"?>
<!-- Generated by org.testng.reporters.JUnitReportReporter -->
<testsuite hostname="DESKTOP-UP9OPUK" name="Log4jForSelenium.TestLog4j" tests="1" failures="0" timestamp="27 Oct 2017 21:32:39 GMT" time="0.018" errors="0">
  <testcase name="testLogin" time="0.018" classname="Log4jForSelenium.TestLog4j"/>
</testsuite> <!-- Log4jForSelenium.TestLog4j -->
