<?xml version="1.0" encoding="UTF-8"?>
<!-- Generated by org.testng.reporters.JUnitReportReporter -->
<testsuite hostname="DESKTOP-UP9OPUK" name="wrappers.ProjectWrappers" tests="1" failures="0" timestamp="12 Aug 2017 18:26:25 GMT" time="52.175" errors="0">
  <testcase name="signUp" time="52.175" classname="wrappers.ProjectWrappers"/>
</testsuite> <!-- wrappers.ProjectWrappers -->
