<?xml version="1.0" encoding="UTF-8"?>
<!-- Generated by org.testng.reporters.JUnitReportReporter -->
<testsuite hostname="DESKTOP-UP9OPUK" name="reporter.SampleReporter" tests="1" failures="0" timestamp="8 Oct 2017 20:12:02 GMT" time="8.399" errors="0">
  <testcase name="testMathod" time="8.399" classname="reporter.SampleReporter"/>
</testsuite> <!-- reporter.SampleReporter -->
